Removed Pin From Net: NetName=VCC Pin=BT?-1
Removed Pin From Net: NetName=GND Pin=LS?-2
Removed Pin From Net: NetName=GND Pin=next-31
Removed Pin From Net: NetName=GND Pin=next-32
Removed Pin From Net: NetName=GND Pin=Play-31
Removed Pin From Net: NetName=GND Pin=Play-32
Removed Pin From Net: NetName=GND Pin=pre-31
Removed Pin From Net: NetName=GND Pin=pre-32
Removed Pin From Net: NetName=NetLS?_1 Pin=R?-1
Removed Pin From Net: NetName=GND Pin=stop-31
Removed Pin From Net: NetName=GND Pin=stop-32
Removed Pin From Net: NetName=VCC Pin=U1-7
Removed Pin From Net: NetName=GND Pin=U1-8
Removed Member From Class: ClassName=Sheet2 Member=next
Removed Member From Class: ClassName=Sheet2 Member=Play
Removed Member From Class: ClassName=Sheet2 Member=pre
Removed Member From Class: ClassName=Sheet2 Member=R?
Removed Member From Class: ClassName=Sheet2 Member=stop
Removed Member From Class: ClassName=Sheet2 Member=U1
Added Component: Designator=C1(B32520C3104K000)
Add component (AddParameter): Name = "Arrow Part Number"; Value = "B32520C3104K000"; VariantName = "[No Variations]"
Add component (AddParameter): Name = "Arrow Price/Stock"; Value = "https://www.arrow.com/en/products/b32520c3104k000/epcos-tdk"; VariantName = "[No Variations]"
Add component (AddParameter): Name = "Capacitance"; Value = "330nF"; VariantName = "[No Variations]"
Add component (AddParameter): Name = "Datasheet Link"; Value = "https://datasheet.datasheetarchive.com/originals/dk/DKDS41/DSANUWW0037983.pdf"; VariantName = "[No Variations]"
Add component (AddParameter): Name = "Height"; Value = "8.5mm"; VariantName = "[No Variations]"
Add component (AddParameter): Name = "Manufacturer_Name"; Value = "TDK"; VariantName = "[No Variations]"
Add component (AddParameter): Name = "Manufacturer_Part_Number"; Value = "B32520C3104K000"; VariantName = "[No Variations]"
Add component (AddParameter): Name = "Mouser Price/Stock"; Value = ""; VariantName = "[No Variations]"
Added Component: Designator=C2(B32520C3104K000)
Add component (AddParameter): Name = "Arrow Part Number"; Value = "B32520C3104K000"; VariantName = "[No Variations]"
Add component (AddParameter): Name = "Arrow Price/Stock"; Value = "https://www.arrow.com/en/products/b32520c3104k000/epcos-tdk"; VariantName = "[No Variations]"
Add component (AddParameter): Name = "Capacirance"; Value = "100nF"; VariantName = "[No Variations]"
Add component (AddParameter): Name = "Datasheet Link"; Value = "https://datasheet.datasheetarchive.com/originals/dk/DKDS41/DSANUWW0037983.pdf"; VariantName = "[No Variations]"
Add component (AddParameter): Name = "Height"; Value = "8.5mm"; VariantName = "[No Variations]"
Add component (AddParameter): Name = "Manufacturer_Name"; Value = "TDK"; VariantName = "[No Variations]"
Add component (AddParameter): Name = "Manufacturer_Part_Number"; Value = "B32520C3104K000"; VariantName = "[No Variations]"
Add component (AddParameter): Name = "Mouser Price/Stock"; Value = ""; VariantName = "[No Variations]"
Added Component: Designator=IC?(TO255P460X1020X2008-3P)
Add component (AddParameter): Name = "Arrow Part Number"; Value = "L7805ACV"; VariantName = "[No Variations]"
Add component (AddParameter): Name = "Arrow Price/Stock"; Value = "https://www.arrow.com/en/products/l7805acv/stmicroelectronics"; VariantName = "[No Variations]"
Add component (AddParameter): Name = "Datasheet Link"; Value = "http://www.st.com/web/en/resource/technical/document/datasheet/CD00000444.pdf"; VariantName = "[No Variations]"
Add component (AddParameter): Name = "Height"; Value = "4.6mm"; VariantName = "[No Variations]"
Add component (AddParameter): Name = "Manufacturer_Name"; Value = "STMicroelectronics"; VariantName = "[No Variations]"
Add component (AddParameter): Name = "Manufacturer_Part_Number"; Value = "L7805ACV"; VariantName = "[No Variations]"
Add component (AddParameter): Name = "Mouser Part Number"; Value = "511-L7805ACV"; VariantName = "[No Variations]"
Add component (AddParameter): Name = "Mouser Price/Stock"; Value = "https://www.mouser.co.uk/ProductDetail/STMicroelectronics/L7805ACV?qs=xv3lWMc77RdYd2PeLwOwYw%3D%3D"; VariantName = "[No Variations]"
Added Component: Designator=next?(PCBComponent_6)
Added Component: Designator=play?(PCBComponent_6)
Added Component: Designator=pre?(PCBComponent_6)
Added Component: Designator=Q?(2N2222A)
Add component (AddParameter): Name = "Arrow Part Number"; Value = ""; VariantName = "[No Variations]"
Add component (AddParameter): Name = "Arrow Price/Stock"; Value = ""; VariantName = "[No Variations]"
Add component (AddParameter): Name = "Datasheet Link"; Value = "https://datasheet.lcsc.com/szlcsc/1901291437_Foshan-Blue-Rocket-Elec-2N2222A_C358533.pdf"; VariantName = "[No Variations]"
Add component (AddParameter): Name = "Height"; Value = "4.7mm"; VariantName = "[No Variations]"
Add component (AddParameter): Name = "Manufacturer_Name"; Value = "Foshan Blue Rocket Elec"; VariantName = "[No Variations]"
Add component (AddParameter): Name = "Manufacturer_Part_Number"; Value = "2N2222A"; VariantName = "[No Variations]"
Add component (AddParameter): Name = "Mouser Part Number"; Value = ""; VariantName = "[No Variations]"
Add component (AddParameter): Name = "Mouser Price/Stock"; Value = ""; VariantName = "[No Variations]"
Added Component: Designator=R1(RESC0603X28N)
Add component (AddParameter): Name = "Arrow Part Number"; Value = ""; VariantName = "[No Variations]"
Add component (AddParameter): Name = "Arrow Price/Stock"; Value = ""; VariantName = "[No Variations]"
Add component (AddParameter): Name = "Datasheet Link"; Value = "http://www.te.com/commerce/DocumentDelivery/DDEController?Action=showdoc&DocId=Data+Sheet%7F1773200-1%7FA%7Fpdf%7FEnglish%7FENG_DS_1773200-1_A.pdf%7F4-2176215-6"; VariantName = "[No Variations]"
Add component (AddParameter): Name = "Height"; Value = "0.28mm"; VariantName = "[No Variations]"
Add component (AddParameter): Name = "Manufacturer_Name"; Value = "TE Connectivity"; VariantName = "[No Variations]"
Add component (AddParameter): Name = "Manufacturer_Part_Number"; Value = "CPF0201D10K2C1"; VariantName = "[No Variations]"
Add component (AddParameter): Name = "Mouser Price/Stock"; Value = "https://www.mouser.com/Search/Refine.aspx?Keyword=N%2FA"; VariantName = "[No Variations]"
Add component (AddParameter): Name = "Resistance"; Value = "1k"; VariantName = "[No Variations]"
Added Component: Designator=R2(RESC0603X28N)
Add component (AddParameter): Name = "Arrow Part Number"; Value = ""; VariantName = "[No Variations]"
Add component (AddParameter): Name = "Arrow Price/Stock"; Value = ""; VariantName = "[No Variations]"
Add component (AddParameter): Name = "Datasheet Link"; Value = "http://www.te.com/commerce/DocumentDelivery/DDEController?Action=showdoc&DocId=Data+Sheet%7F1773200-1%7FA%7Fpdf%7FEnglish%7FENG_DS_1773200-1_A.pdf%7F4-2176215-6"; VariantName = "[No Variations]"
Add component (AddParameter): Name = "Height"; Value = "0.28mm"; VariantName = "[No Variations]"
Add component (AddParameter): Name = "Manufacturer_Name"; Value = "TE Connectivity"; VariantName = "[No Variations]"
Add component (AddParameter): Name = "Manufacturer_Part_Number"; Value = "CPF0201D10K2C1"; VariantName = "[No Variations]"
Add component (AddParameter): Name = "Mouser Price/Stock"; Value = "https://www.mouser.com/Search/Refine.aspx?Keyword=N%2FA"; VariantName = "[No Variations]"
Add component (AddParameter): Name = "Resistance"; Value = "10k"; VariantName = "[No Variations]"
Added Component: Designator=R3(12Z-2010)
Add component (AddParameter): Name = "LatestRevisionDate"; Value = "29-May-2009"; VariantName = "[No Variations]"
Add component (AddParameter): Name = "LatestRevisionNote"; Value = "IPC-7351 Footprint Added."; VariantName = "[No Variations]"
Add component (AddParameter): Name = "PackageDescription"; Value = "Chip Resistor"; VariantName = "[No Variations]"
Add component (AddParameter): Name = "PackageReference"; Value = "J1-0603"; VariantName = "[No Variations]"
Add component (AddParameter): Name = "Published"; Value = "8-Jun-2000"; VariantName = "[No Variations]"
Add component (AddParameter): Name = "Publisher"; Value = "Altium Limited"; VariantName = "[No Variations]"
Add component (AddParameter): Name = "Value"; Value = "1K"; VariantName = "[No Variations]"
Added Component: Designator=stop?(PCBComponent_6)
Added Component: Designator=U?(PCBComponent_1)
Add component (AddParameter): Name = "Parameter 1"; Value = "U1"; VariantName = "[No Variations]"
Added Pin To Net: NetName=GND Pin=C1-1
Added Pin To Net: NetName=VCC Pin=C2-1
Added Pin To Net: NetName=GND Pin=C2-2
Added Pin To Net: NetName=GND Pin=IC?-2
Added Pin To Net: NetName=VCC Pin=IC?-3
Added Pin To Net: NetName=GND Pin=next?-31
Added Pin To Net: NetName=GND Pin=next?-32
Added Pin To Net: NetName=GND Pin=play?-31
Added Pin To Net: NetName=GND Pin=play?-32
Added Pin To Net: NetName=GND Pin=pre?-31
Added Pin To Net: NetName=GND Pin=pre?-32
Added Pin To Net: NetName=GND Pin=Q?-3
Added Pin To Net: NetName=GND Pin=R2-2
Added Pin To Net: NetName=NetLS?_1 Pin=R3-1
Added Pin To Net: NetName=VCC Pin=R3-2
Added Pin To Net: NetName=GND Pin=stop?-31
Added Pin To Net: NetName=GND Pin=stop?-32
Added Pin To Net: NetName=VCC Pin=U?-7
Added Pin To Net: NetName=GND Pin=U?-8
Added Pin To Net: NetName=+12 Pin=BT?-1
Added Pin To Net: NetName=+12 Pin=C1-2
Added Pin To Net: NetName=+12 Pin=IC?-1
Added Net: Name=+12
Added Pin To Net: NetName=NetLS?_2 Pin=LS?-2
Added Pin To Net: NetName=NetLS?_2 Pin=Q?-1
Added Net: Name=NetLS?_2
Added Pin To Net: NetName=Netnext?_29 Pin=next?-29
Added Pin To Net: NetName=Netnext?_29 Pin=next?-30
Added Pin To Net: NetName=Netnext?_29 Pin=U?-12
Added Net: Name=Netnext?_29
Added Pin To Net: NetName=Netplay?_29 Pin=play?-29
Added Pin To Net: NetName=Netplay?_29 Pin=play?-30
Added Pin To Net: NetName=Netplay?_29 Pin=U?-4
Added Net: Name=Netplay?_29
Added Pin To Net: NetName=Netpre?_29 Pin=pre?-29
Added Pin To Net: NetName=Netpre?_29 Pin=pre?-30
Added Pin To Net: NetName=Netpre?_29 Pin=U?-13
Added Net: Name=Netpre?_29
Added Pin To Net: NetName=NetQ?_2 Pin=Q?-2
Added Pin To Net: NetName=NetQ?_2 Pin=R1-2
Added Pin To Net: NetName=NetQ?_2 Pin=R2-1
Added Net: Name=NetQ?_2
Added Pin To Net: NetName=Netstop?_29 Pin=stop?-29
Added Pin To Net: NetName=Netstop?_29 Pin=stop?-30
Added Pin To Net: NetName=Netstop?_29 Pin=U?-5
Added Net: Name=Netstop?_29
Added Pin To Net: NetName=out Pin=R1-1
Added Pin To Net: NetName=out Pin=U?-3
Added Net: Name=out
Added Member To Class: ClassName=Sheet2 Member=Component C1 B32520C3104K000
Added Member To Class: ClassName=Sheet2 Member=Component C2 B32520C3104K000
Added Member To Class: ClassName=Sheet2 Member=Component IC? L7805ACV
Added Member To Class: ClassName=Sheet2 Member=Component next? BUTTON3
Added Member To Class: ClassName=Sheet2 Member=Component play? BUTTON1
Added Member To Class: ClassName=Sheet2 Member=Component pre? BUTTON4
Added Member To Class: ClassName=Sheet2 Member=Component Q? 2N2222A
Added Member To Class: ClassName=Sheet2 Member=Component R1 CPF0201D10K2C1
Added Member To Class: ClassName=Sheet2 Member=Component R2 CPF0201D10K2C1
Added Member To Class: ClassName=Sheet2 Member=Component R3 Res3
Added Member To Class: ClassName=Sheet2 Member=Component stop? BUTTON2
Added Member To Class: ClassName=Sheet2 Member=Component U? atmega328p
